app/build/intermediates/manifest_merge_blame_file/debug/manifest-merger-blame-debug-report.txt
1<?xml version="1.0" encoding="utf-8"?>
2<manifest xmlns:android="http://schemas.android.com/apk/res/android"
3    package="com.example.services_novigrad"
4    android:versionCode="1"
5    android:versionName="1.0" >
6
7    <uses-sdk
8        android:minSdkVersion="26"
9        android:targetSdkVersion="34" />
10
11    <uses-permission android:name="android.permission.INTERNET" />
11-->src/main/AndroidManifest.xml:5:5-67
11-->src/main/AndroidManifest.xml:5:22-64
12    <uses-permission android:name="android.permission.ACCESS_NETWORK_STATE" />
12-->[com.google.firebase:firebase-auth:22.2.0] AndroidManifest.xml:26:5-79
12-->[com.google.firebase:firebase-auth:22.2.0] AndroidManifest.xml:26:22-76
13
14    <permission
14-->[androidx.core:core:1.9.0] AndroidManifest.xml:22:5-24:47
15        android:name="com.example.services_novigrad.DYNAMIC_RECEIVER_NOT_EXPORTED_PERMISSION"
15-->[androidx.core:core:1.9.0] AndroidManifest.xml:23:9-81
16        android:protectionLevel="signature" />
16-->[androidx.core:core:1.9.0] AndroidManifest.xml:24:9-44
17
18    <uses-permission android:name="com.example.services_novigrad.DYNAMIC_RECEIVER_NOT_EXPORTED_PERMISSION" />
18-->[androidx.core:core:1.9.0] AndroidManifest.xml:26:5-97
18-->[androidx.core:core:1.9.0] AndroidManifest.xml:26:22-94
19
20    <application
20-->src/main/AndroidManifest.xml:7:5-56:19
21        android:allowBackup="true"
21-->src/main/AndroidManifest.xml:8:9-35
22        android:appComponentFactory="androidx.core.app.CoreComponentFactory"
22-->[androidx.core:core:1.9.0] AndroidManifest.xml:28:18-86
23        android:dataExtractionRules="@xml/data_extraction_rules"
23-->src/main/AndroidManifest.xml:9:9-65
24        android:debuggable="true"
25        android:extractNativeLibs="false"
26        android:fullBackupContent="@xml/backup_rules"
26-->src/main/AndroidManifest.xml:10:9-54
27        android:icon="@mipmap/ic_launcher"
27-->src/main/AndroidManifest.xml:11:9-43
28        android:label="@string/app_name"
28-->src/main/AndroidManifest.xml:12:9-41
29        android:roundIcon="@mipmap/ic_launcher_round"
29-->src/main/AndroidManifest.xml:13:9-54
30        android:supportsRtl="true"
30-->src/main/AndroidManifest.xml:14:9-35
31        android:testOnly="true"
32        android:theme="@style/Theme.ServicesNovigrad" >
32-->src/main/AndroidManifest.xml:15:9-54
33        <activity
33-->src/main/AndroidManifest.xml:17:9-19:40
34            android:name="com.example.services_novigrad.ServiceList"
34-->src/main/AndroidManifest.xml:18:13-40
35            android:exported="false" />
35-->src/main/AndroidManifest.xml:19:13-37
36        <activity
36-->src/main/AndroidManifest.xml:20:9-22:40
37            android:name="com.example.services_novigrad.ServicesList"
37-->src/main/AndroidManifest.xml:21:13-41
38            android:exported="false" />
38-->src/main/AndroidManifest.xml:22:13-37
39        <activity
39-->src/main/AndroidManifest.xml:23:9-25:40
40            android:name="com.example.services_novigrad.AddServicesPage"
40-->src/main/AndroidManifest.xml:24:13-44
41            android:exported="false" />
41-->src/main/AndroidManifest.xml:25:13-37
42        <activity
42-->src/main/AndroidManifest.xml:26:9-28:40
43            android:name="com.example.services_novigrad.ServicesPage"
43-->src/main/AndroidManifest.xml:27:13-41
44            android:exported="false" />
44-->src/main/AndroidManifest.xml:28:13-37
45        <activity
45-->src/main/AndroidManifest.xml:29:9-31:40
46            android:name="com.example.services_novigrad.AdminPage"
46-->src/main/AndroidManifest.xml:30:13-38
47            android:exported="false" />
47-->src/main/AndroidManifest.xml:31:13-37
48        <activity
48-->src/main/AndroidManifest.xml:32:9-34:40
49            android:name="com.example.services_novigrad.ClientWelcomePage"
49-->src/main/AndroidManifest.xml:33:13-46
50            android:exported="false" />
50-->src/main/AndroidManifest.xml:34:13-37
51        <activity
51-->src/main/AndroidManifest.xml:35:9-37:40
52            android:name="com.example.services_novigrad.EmployeeWelcomePage"
52-->src/main/AndroidManifest.xml:36:13-48
53            android:exported="false" />
53-->src/main/AndroidManifest.xml:37:13-37
54        <activity
54-->src/main/AndroidManifest.xml:38:9-40:40
55            android:name="com.example.services_novigrad.WelcomePage"
55-->src/main/AndroidManifest.xml:39:13-40
56            android:exported="false" />
56-->src/main/AndroidManifest.xml:40:13-37
57        <activity
57-->src/main/AndroidManifest.xml:41:9-43:40
58            android:name="com.example.services_novigrad.AdminWelcomePage"
58-->src/main/AndroidManifest.xml:42:13-45
59            android:exported="false" />
59-->src/main/AndroidManifest.xml:43:13-37
60        <activity
60-->src/main/AndroidManifest.xml:44:9-46:40
61            android:name="com.example.services_novigrad.SignUpActivity"
61-->src/main/AndroidManifest.xml:45:13-43
62            android:exported="false" />
62-->src/main/AndroidManifest.xml:46:13-37
63        <activity
63-->src/main/AndroidManifest.xml:47:9-55:20
64            android:name="com.example.services_novigrad.MainActivity"
64-->src/main/AndroidManifest.xml:48:13-41
65            android:exported="true" >
65-->src/main/AndroidManifest.xml:49:13-36
66            <intent-filter>
66-->src/main/AndroidManifest.xml:50:13-54:29
67                <action android:name="android.intent.action.MAIN" />
67-->src/main/AndroidManifest.xml:51:17-69
67-->src/main/AndroidManifest.xml:51:25-66
68
69                <category android:name="android.intent.category.LAUNCHER" />
69-->src/main/AndroidManifest.xml:53:17-77
69-->src/main/AndroidManifest.xml:53:27-74
70            </intent-filter>
71        </activity>
72        <activity
72-->[com.google.firebase:firebase-auth:22.2.0] AndroidManifest.xml:29:9-46:20
73            android:name="com.google.firebase.auth.internal.GenericIdpActivity"
73-->[com.google.firebase:firebase-auth:22.2.0] AndroidManifest.xml:30:13-80
74            android:excludeFromRecents="true"
74-->[com.google.firebase:firebase-auth:22.2.0] AndroidManifest.xml:31:13-46
75            android:exported="true"
75-->[com.google.firebase:firebase-auth:22.2.0] AndroidManifest.xml:32:13-36
76            android:launchMode="singleTask"
76-->[com.google.firebase:firebase-auth:22.2.0] AndroidManifest.xml:33:13-44
77            android:theme="@android:style/Theme.Translucent.NoTitleBar" >
77-->[com.google.firebase:firebase-auth:22.2.0] AndroidManifest.xml:34:13-72
78            <intent-filter>
78-->[com.google.firebase:firebase-auth:22.2.0] AndroidManifest.xml:35:13-45:29
79                <action android:name="android.intent.action.VIEW" />
79-->[com.google.firebase:firebase-auth:22.2.0] AndroidManifest.xml:36:17-69
79-->[com.google.firebase:firebase-auth:22.2.0] AndroidManifest.xml:36:25-66
80
81                <category android:name="android.intent.category.DEFAULT" />
81-->[com.google.firebase:firebase-auth:22.2.0] AndroidManifest.xml:38:17-76
81-->[com.google.firebase:firebase-auth:22.2.0] AndroidManifest.xml:38:27-73
82                <category android:name="android.intent.category.BROWSABLE" />
82-->[com.google.firebase:firebase-auth:22.2.0] AndroidManifest.xml:39:17-78
82-->[com.google.firebase:firebase-auth:22.2.0] AndroidManifest.xml:39:27-75
83
84                <data
84-->[com.google.firebase:firebase-auth:22.2.0] AndroidManifest.xml:41:17-44:51
85                    android:host="firebase.auth"
85-->[com.google.firebase:firebase-auth:22.2.0] AndroidManifest.xml:42:21-49
86                    android:path="/"
86-->[com.google.firebase:firebase-auth:22.2.0] AndroidManifest.xml:43:21-37
87                    android:scheme="genericidp" />
87-->[com.google.firebase:firebase-auth:22.2.0] AndroidManifest.xml:44:21-48
88            </intent-filter>
89        </activity>
90        <activity
90-->[com.google.firebase:firebase-auth:22.2.0] AndroidManifest.xml:47:9-64:20
91            android:name="com.google.firebase.auth.internal.RecaptchaActivity"
91-->[com.google.firebase:firebase-auth:22.2.0] AndroidManifest.xml:48:13-79
92            android:excludeFromRecents="true"
92-->[com.google.firebase:firebase-auth:22.2.0] AndroidManifest.xml:49:13-46
93            android:exported="true"
93-->[com.google.firebase:firebase-auth:22.2.0] AndroidManifest.xml:50:13-36
94            android:launchMode="singleTask"
94-->[com.google.firebase:firebase-auth:22.2.0] AndroidManifest.xml:51:13-44
95            android:theme="@android:style/Theme.Translucent.NoTitleBar" >
95-->[com.google.firebase:firebase-auth:22.2.0] AndroidManifest.xml:52:13-72
96            <intent-filter>
96-->[com.google.firebase:firebase-auth:22.2.0] AndroidManifest.xml:53:13-63:29
97                <action android:name="android.intent.action.VIEW" />
97-->[com.google.firebase:firebase-auth:22.2.0] AndroidManifest.xml:36:17-69
97-->[com.google.firebase:firebase-auth:22.2.0] AndroidManifest.xml:36:25-66
98
99                <category android:name="android.intent.category.DEFAULT" />
99-->[com.google.firebase:firebase-auth:22.2.0] AndroidManifest.xml:38:17-76
99-->[com.google.firebase:firebase-auth:22.2.0] AndroidManifest.xml:38:27-73
100                <category android:name="android.intent.category.BROWSABLE" />
100-->[com.google.firebase:firebase-auth:22.2.0] AndroidManifest.xml:39:17-78
100-->[com.google.firebase:firebase-auth:22.2.0] AndroidManifest.xml:39:27-75
101
102                <data
102-->[com.google.firebase:firebase-auth:22.2.0] AndroidManifest.xml:41:17-44:51
103                    android:host="firebase.auth"
103-->[com.google.firebase:firebase-auth:22.2.0] AndroidManifest.xml:42:21-49
104                    android:path="/"
104-->[com.google.firebase:firebase-auth:22.2.0] AndroidManifest.xml:43:21-37
105                    android:scheme="recaptcha" />
105-->[com.google.firebase:firebase-auth:22.2.0] AndroidManifest.xml:44:21-48
106            </intent-filter>
107        </activity>
108
109        <service
109-->[com.google.firebase:firebase-auth:22.2.0] AndroidManifest.xml:66:9-72:19
110            android:name="com.google.firebase.components.ComponentDiscoveryService"
110-->[com.google.firebase:firebase-auth:22.2.0] AndroidManifest.xml:67:13-84
111            android:directBootAware="true"
111-->[com.google.firebase:firebase-common:20.4.2] AndroidManifest.xml:32:13-43
112            android:exported="false" >
112-->[com.google.firebase:firebase-auth:22.2.0] AndroidManifest.xml:68:13-37
113            <meta-data
113-->[com.google.firebase:firebase-auth:22.2.0] AndroidManifest.xml:69:13-71:85
114                android:name="com.google.firebase.components:com.google.firebase.auth.FirebaseAuthRegistrar"
114-->[com.google.firebase:firebase-auth:22.2.0] AndroidManifest.xml:70:17-109
115                android:value="com.google.firebase.components.ComponentRegistrar" />
115-->[com.google.firebase:firebase-auth:22.2.0] AndroidManifest.xml:71:17-82
116            <meta-data
116-->[com.google.firebase:firebase-firestore:24.9.1] AndroidManifest.xml:17:13-19:85
117                android:name="com.google.firebase.components:com.google.firebase.firestore.FirebaseFirestoreKtxRegistrar"
117-->[com.google.firebase:firebase-firestore:24.9.1] AndroidManifest.xml:18:17-122
118                android:value="com.google.firebase.components.ComponentRegistrar" />
118-->[com.google.firebase:firebase-firestore:24.9.1] AndroidManifest.xml:19:17-82
119            <meta-data
119-->[com.google.firebase:firebase-firestore:24.9.1] AndroidManifest.xml:20:13-22:85
120                android:name="com.google.firebase.components:com.google.firebase.firestore.FirestoreRegistrar"
120-->[com.google.firebase:firebase-firestore:24.9.1] AndroidManifest.xml:21:17-111
121                android:value="com.google.firebase.components.ComponentRegistrar" />
121-->[com.google.firebase:firebase-firestore:24.9.1] AndroidManifest.xml:22:17-82
122            <meta-data
122-->[com.google.firebase:firebase-common-ktx:20.4.2] AndroidManifest.xml:12:13-14:85
123                android:name="com.google.firebase.components:com.google.firebase.ktx.FirebaseCommonLegacyRegistrar"
123-->[com.google.firebase:firebase-common-ktx:20.4.2] AndroidManifest.xml:13:17-116
124                android:value="com.google.firebase.components.ComponentRegistrar" />
124-->[com.google.firebase:firebase-common-ktx:20.4.2] AndroidManifest.xml:14:17-82
125            <meta-data
125-->[com.google.firebase:firebase-common:20.4.2] AndroidManifest.xml:35:13-37:85
126                android:name="com.google.firebase.components:com.google.firebase.FirebaseCommonKtxRegistrar"
126-->[com.google.firebase:firebase-common:20.4.2] AndroidManifest.xml:36:17-109
127                android:value="com.google.firebase.components.ComponentRegistrar" />
127-->[com.google.firebase:firebase-common:20.4.2] AndroidManifest.xml:37:17-82
128        </service>
129
130        <provider
130-->[com.google.firebase:firebase-common:20.4.2] AndroidManifest.xml:23:9-28:39
131            android:name="com.google.firebase.provider.FirebaseInitProvider"
131-->[com.google.firebase:firebase-common:20.4.2] AndroidManifest.xml:24:13-77
132            android:authorities="com.example.services_novigrad.firebaseinitprovider"
132-->[com.google.firebase:firebase-common:20.4.2] AndroidManifest.xml:25:13-72
133            android:directBootAware="true"
133-->[com.google.firebase:firebase-common:20.4.2] AndroidManifest.xml:26:13-43
134            android:exported="false"
134-->[com.google.firebase:firebase-common:20.4.2] AndroidManifest.xml:27:13-37
135            android:initOrder="100" />
135-->[com.google.firebase:firebase-common:20.4.2] AndroidManifest.xml:28:13-36
136
137        <activity
137-->[com.google.android.gms:play-services-base:18.0.1] AndroidManifest.xml:20:9-22:45
138            android:name="com.google.android.gms.common.api.GoogleApiActivity"
138-->[com.google.android.gms:play-services-base:18.0.1] AndroidManifest.xml:20:19-85
139            android:exported="false"
139-->[com.google.android.gms:play-services-base:18.0.1] AndroidManifest.xml:22:19-43
140            android:theme="@android:style/Theme.Translucent.NoTitleBar" />
140-->[com.google.android.gms:play-services-base:18.0.1] AndroidManifest.xml:21:19-78
141
142        <provider
142-->[androidx.emoji2:emoji2:1.2.0] AndroidManifest.xml:24:9-32:20
143            android:name="androidx.startup.InitializationProvider"
143-->[androidx.emoji2:emoji2:1.2.0] AndroidManifest.xml:25:13-67
144            android:authorities="com.example.services_novigrad.androidx-startup"
144-->[androidx.emoji2:emoji2:1.2.0] AndroidManifest.xml:26:13-68
145            android:exported="false" >
145-->[androidx.emoji2:emoji2:1.2.0] AndroidManifest.xml:27:13-37
146            <meta-data
146-->[androidx.emoji2:emoji2:1.2.0] AndroidManifest.xml:29:13-31:52
147                android:name="androidx.emoji2.text.EmojiCompatInitializer"
147-->[androidx.emoji2:emoji2:1.2.0] AndroidManifest.xml:30:17-75
148                android:value="androidx.startup" />
148-->[androidx.emoji2:emoji2:1.2.0] AndroidManifest.xml:31:17-49
149            <meta-data
149-->[androidx.lifecycle:lifecycle-process:2.6.1] AndroidManifest.xml:29:13-31:52
150                android:name="androidx.lifecycle.ProcessLifecycleInitializer"
150-->[androidx.lifecycle:lifecycle-process:2.6.1] AndroidManifest.xml:30:17-78
151                android:value="androidx.startup" />
151-->[androidx.lifecycle:lifecycle-process:2.6.1] AndroidManifest.xml:31:17-49
152            <meta-data
152-->[androidx.profileinstaller:profileinstaller:1.3.0] AndroidManifest.xml:29:13-31:52
153                android:name="androidx.profileinstaller.ProfileInstallerInitializer"
153-->[androidx.profileinstaller:profileinstaller:1.3.0] AndroidManifest.xml:30:17-85
154                android:value="androidx.startup" />
154-->[androidx.profileinstaller:profileinstaller:1.3.0] AndroidManifest.xml:31:17-49
155        </provider>
156
157        <meta-data
157-->[com.google.android.gms:play-services-basement:18.1.0] AndroidManifest.xml:21:9-23:69
158            android:name="com.google.android.gms.version"
158-->[com.google.android.gms:play-services-basement:18.1.0] AndroidManifest.xml:22:13-58
159            android:value="@integer/google_play_services_version" />
159-->[com.google.android.gms:play-services-basement:18.1.0] AndroidManifest.xml:23:13-66
160
161        <receiver
161-->[androidx.profileinstaller:profileinstaller:1.3.0] AndroidManifest.xml:34:9-52:20
162            android:name="androidx.profileinstaller.ProfileInstallReceiver"
162-->[androidx.profileinstaller:profileinstaller:1.3.0] AndroidManifest.xml:35:13-76
163            android:directBootAware="false"
163-->[androidx.profileinstaller:profileinstaller:1.3.0] AndroidManifest.xml:36:13-44
164            android:enabled="true"
164-->[androidx.profileinstaller:profileinstaller:1.3.0] AndroidManifest.xml:37:13-35
165            android:exported="true"
165-->[androidx.profileinstaller:profileinstaller:1.3.0] AndroidManifest.xml:38:13-36
166            android:permission="android.permission.DUMP" >
166-->[androidx.profileinstaller:profileinstaller:1.3.0] AndroidManifest.xml:39:13-57
167            <intent-filter>
167-->[androidx.profileinstaller:profileinstaller:1.3.0] AndroidManifest.xml:40:13-42:29
168                <action android:name="androidx.profileinstaller.action.INSTALL_PROFILE" />
168-->[androidx.profileinstaller:profileinstaller:1.3.0] AndroidManifest.xml:41:17-91
168-->[androidx.profileinstaller:profileinstaller:1.3.0] AndroidManifest.xml:41:25-88
169            </intent-filter>
170            <intent-filter>
170-->[androidx.profileinstaller:profileinstaller:1.3.0] AndroidManifest.xml:43:13-45:29
171                <action android:name="androidx.profileinstaller.action.SKIP_FILE" />
171-->[androidx.profileinstaller:profileinstaller:1.3.0] AndroidManifest.xml:44:17-85
171-->[androidx.profileinstaller:profileinstaller:1.3.0] AndroidManifest.xml:44:25-82
172            </intent-filter>
173            <intent-filter>
173-->[androidx.profileinstaller:profileinstaller:1.3.0] AndroidManifest.xml:46:13-48:29
174                <action android:name="androidx.profileinstaller.action.SAVE_PROFILE" />
174-->[androidx.profileinstaller:profileinstaller:1.3.0] AndroidManifest.xml:47:17-88
174-->[androidx.profileinstaller:profileinstaller:1.3.0] AndroidManifest.xml:47:25-85
175            </intent-filter>
176            <intent-filter>
176-->[androidx.profileinstaller:profileinstaller:1.3.0] AndroidManifest.xml:49:13-51:29
177                <action android:name="androidx.profileinstaller.action.BENCHMARK_OPERATION" />
177-->[androidx.profileinstaller:profileinstaller:1.3.0] AndroidManifest.xml:50:17-95
177-->[androidx.profileinstaller:profileinstaller:1.3.0] AndroidManifest.xml:50:25-92
178            </intent-filter>
179        </receiver>
180    </application>
181
182</manifest>